This is LuaHBTeX, Version 1.15.0 (TeX Live 2022)  (format=lualatex 2023.2.5)  10 MAR 2023 21:27
 restricted system commands enabled.
**stotrani.tex
(./stotrani.tex
LaTeX2e <2022-11-01> patch level 1
Lua module: luaotfload 2022-10-03 3.23 Lua based OpenType font support
Lua module: lualibs 2022-10-04 2.75 ConTeXt Lua standard libraries.
Lua module: lualibs-extended 2022-10-04 2.75 ConTeXt Lua libraries -- extended c
ollection.
luaotfload | conf : Root cache directory is "C:/texlive/2022/texmf-var/luatex-ca
che/generic/names".
luaotfload | init : Loading fontloader "fontloader-2022-10-03.lua" from kpse-res
olved path "c:/texlive/2022/texmf-dist/tex/luatex/luaotfload/fontloader-2022-10-
03.lua".
Lua-only attribute luaotfload@noligature = 1
luaotfload | init : Context OpenType loader version 3.120
Inserting `luaotfload.node_processor' in `pre_linebreak_filter'.
Inserting `luaotfload.node_processor' in `hpack_filter'.
Inserting `luaotfload.glyph_stream' in `glyph_stream_provider'.
Inserting `luaotfload.define_font' in `define_font'.
Lua-only attribute luaotfload_color_attribute = 2
luaotfload | conf : Root cache directory is "C:/texlive/2022/texmf-var/luatex-ca
che/generic/names".
Inserting `luaotfload.harf.strip_prefix' in `find_opentype_file'.
Inserting `luaotfload.harf.strip_prefix' in `find_truetype_file'.
Removing  `luaotfload.glyph_stream' from `glyph_stream_provider'.
Inserting `luaotfload.harf.glyphstream' in `glyph_stream_provider'.
Inserting `luaotfload.harf.finalize_vlist' in `post_linebreak_filter'.
Inserting `luaotfload.harf.finalize_hlist' in `hpack_filter'.
Inserting `luaotfload.cleanup_files' in `wrapup_run'.
Inserting `luaotfload.harf.finalize_unicode' in `finish_pdffile'.
Inserting `luaotfload.glyphinfo' in `glyph_info'.
Lua-only attribute luaotfload.letterspace_done = 3
Inserting `luaotfload.aux.set_sscale_dimens' in `luaotfload.patch_font'.
Inserting `luaotfload.aux.set_font_index' in `luaotfload.patch_font'.
Inserting `luaotfload.aux.patch_cambria_domh' in `luaotfload.patch_font'.
Inserting `luaotfload.aux.fixup_fontdata' in `luaotfload.patch_font_unsafe'.
Inserting `luaotfload.aux.set_capheight' in `luaotfload.patch_font'.
Inserting `luaotfload.aux.set_xheight' in `luaotfload.patch_font'.
Inserting `luaotfload.rewrite_fontname' in `luaotfload.patch_font'. L3 programm
ing layer <2023-02-02>
Inserting `tracingstacklevels' in `input_level_string'.
(c:/texlive/2022/texmf-dist/tex/latex/base/report.cls
Document Class: report 2022/07/02 v1.4n Standard LaTeX document class
(c:/texlive/2022/texmf-dist/tex/latex/base/size10.clo
File: size10.clo 2022/07/02 v1.4n Standard LaTeX file (size option)
luaotfload | db : Font names database loaded from C:/texlive/2022/texmf-var/luat
ex-cache/generic/names/luaotfload-names.luc.gz)
\c@part=\count183
\c@chapter=\count184
\c@section=\count185
\c@subsection=\count186
\c@subsubsection=\count187
\c@paragraph=\count188
\c@subparagraph=\count189
\c@figure=\count190
\c@table=\count191
\abovecaptionskip=\skip48
\belowcaptionskip=\skip49
\bibindent=\dimen139
)
(c:/texlive/2022/texmf-dist/tex/latex/geometry/geometry.sty
Package: geometry 2020/01/02 v5.9 Page Geometry

(c:/texlive/2022/texmf-dist/tex/latex/graphics/keyval.sty
Package: keyval 2022/05/29 v1.15 key=value parser (DPC)
\KV@toks@=\toks16
)
(c:/texlive/2022/texmf-dist/tex/generic/iftex/ifvtex.sty
Package: ifvtex 2019/10/25 v1.7 ifvtex legacy package. Use iftex instead.

(c:/texlive/2022/texmf-dist/tex/generic/iftex/iftex.sty
Package: iftex 2022/02/03 v1.0f TeX engine tests
))
\Gm@cnth=\count192
\Gm@cntv=\count193
\c@Gm@tempcnt=\count194
\Gm@bindingoffset=\dimen140
\Gm@wd@mp=\dimen141
\Gm@odd@mp=\dimen142
\Gm@even@mp=\dimen143
\Gm@layoutwidth=\dimen144
\Gm@layoutheight=\dimen145
\Gm@layouthoffset=\dimen146
\Gm@layoutvoffset=\dimen147
\Gm@dimlist=\toks17
)
(c:/texlive/2022/texmf-dist/tex/latex/xcolor/xcolor.sty
Package: xcolor 2022/06/12 v2.14 LaTeX color extensions (UK)

(c:/texlive/2022/texmf-dist/tex/latex/graphics-cfg/color.cfg
File: color.cfg 2016/01/02 v1.6 sample color configuration
)
Package xcolor Info: Driver file: luatex.def on input line 227.

(c:/texlive/2022/texmf-dist/tex/latex/graphics-def/luatex.def
File: luatex.def 2022/09/22 v1.2d Graphics/color driver for luatex
)
(c:/texlive/2022/texmf-dist/tex/latex/graphics/mathcolor.ltx)
Package xcolor Info: Model `cmy' substituted by `cmy0' on input line 1353.
Package xcolor Info: Model `hsb' substituted by `rgb' on input line 1357.
Package xcolor Info: Model `RGB' extended on input line 1369.
Package xcolor Info: Model `HTML' substituted by `rgb' on input line 1371.
Package xcolor Info: Model `Hsb' substituted by `hsb' on input line 1372.
Package xcolor Info: Model `tHsb' substituted by `hsb' on input line 1373.
Package xcolor Info: Model `HSB' substituted by `hsb' on input line 1374.
Package xcolor Info: Model `Gray' substituted by `gray' on input line 1375.
Package xcolor Info: Model `wave' substituted by `hsb' on input line 1376.
)
(c:/texlive/2022/texmf-dist/tex/latex/tocloft/tocloft.sty
Package: tocloft 2017/08/31 v2.3i parameterised ToC, etc., typesetting
Package tocloft Info: The document has chapter divisions on input line 51.
\cftparskip=\skip50
\cftbeforetoctitleskip=\skip51
\cftaftertoctitleskip=\skip52
\cftbeforepartskip=\skip53
\cftpartnumwidth=\skip54
\cftpartindent=\skip55
\cftbeforechapskip=\skip56
\cftchapindent=\skip57
\cftchapnumwidth=\skip58
\cftbeforesecskip=\skip59
\cftsecindent=\skip60
\cftsecnumwidth=\skip61
\cftbeforesubsecskip=\skip62
\cftsubsecindent=\skip63
\cftsubsecnumwidth=\skip64
\cftbeforesubsubsecskip=\skip65
\cftsubsubsecindent=\skip66
\cftsubsubsecnumwidth=\skip67
\cftbeforeparaskip=\skip68
\cftparaindent=\skip69
\cftparanumwidth=\skip70
\cftbeforesubparaskip=\skip71
\cftsubparaindent=\skip72
\cftsubparanumwidth=\skip73
\cftbeforeloftitleskip=\skip74
\cftafterloftitleskip=\skip75
\cftbeforefigskip=\skip76
\cftfigindent=\skip77
\cftfignumwidth=\skip78
\c@lofdepth=\count195
\c@lotdepth=\count196
\cftbeforelottitleskip=\skip79
\cftafterlottitleskip=\skip80
\cftbeforetabskip=\skip81
\cfttabindent=\skip82
\cfttabnumwidth=\skip83
)
(c:/texlive/2022/texmf-dist/tex/latex/fancyhdr/fancyhdr.sty
Package: fancyhdr 2022/11/09 v4.1 Extensive control of page headers and footers

\f@nch@headwidth=\skip84
\f@nch@O@elh=\skip85
\f@nch@O@erh=\skip86
\f@nch@O@olh=\skip87
\f@nch@O@orh=\skip88
\f@nch@O@elf=\skip89
\f@nch@O@erf=\skip90
\f@nch@O@olf=\skip91
\f@nch@O@orf=\skip92
)
\linepagesep=\skip93

(c:/texlive/2022/texmf-dist/tex/latex/lipsum/lipsum.sty
(c:/texlive/2022/texmf-dist/tex/latex/l3packages/l3keys2e/l3keys2e.sty
(c:/texlive/2022/texmf-dist/tex/latex/l3kernel/expl3.sty
Package: expl3 2023-02-02 L3 programming layer (loader) 

(c:/texlive/2022/texmf-dist/tex/latex/l3backend/l3backend-luatex.def
File: l3backend-luatex.def 2023-01-16 L3 backend support: PDF output (LuaTeX)
\l__color_backend_stack_int=\count197
\l__pdf_internal_box=\box51
))
Package: l3keys2e 2023-02-02 LaTeX2e option processing using LaTeX3 keys
)
Package: lipsum 2021-09-20 v2.7 150 paragraphs of Lorem Ipsum dummy text
\g__lipsum_par_int=\count198
\l__lipsum_a_int=\count199
\l__lipsum_b_int=\count266

(c:/texlive/2022/texmf-dist/tex/latex/lipsum/lipsum.ltd.tex))
(c:/texlive/2022/texmf-dist/tex/latex/base/inputenc.sty
Package: inputenc 2021/02/14 v1.3d Input encoding file
\inpenc@prehook=\toks18
\inpenc@posthook=\toks19


Package inputenc Warning: inputenc package ignored with utf8 based engines.

) (c:/texlive/2022/texmf-dist/tex/latex/fontspec/fontspec.sty
(c:/texlive/2022/texmf-dist/tex/latex/l3packages/xparse/xparse.sty
Package: xparse 2023-02-02 L3 Experimental document command parser
)
Package: fontspec 2022/01/15 v2.8a Font selection for XeLaTeX and LuaLaTeX
Lua module: fontspec 2022/01/15 2.8a Font selection for XeLaTeX and LuaLaTeX
(c:/texlive/2022/texmf-dist/tex/latex/fontspec/fontspec-luatex.sty
Package: fontspec-luatex 2022/01/15 v2.8a Font selection for XeLaTeX and LuaLaT
eX
\l__fontspec_script_int=\count267
\l__fontspec_language_int=\count268
\l__fontspec_strnum_int=\count269
\l__fontspec_tmp_int=\count270
\l__fontspec_tmpa_int=\count271
\l__fontspec_tmpb_int=\count272
\l__fontspec_tmpc_int=\count273
\l__fontspec_em_int=\count274
\l__fontspec_emdef_int=\count275
\l__fontspec_strong_int=\count276
\l__fontspec_strongdef_int=\count277
\l__fontspec_tmpa_dim=\dimen148
\l__fontspec_tmpb_dim=\dimen149
\l__fontspec_tmpc_dim=\dimen150

(c:/texlive/2022/texmf-dist/tex/latex/base/fontenc.sty
Package: fontenc 2021/04/29 v2.0v Standard LaTeX package
)
(c:/texlive/2022/texmf-dist/tex/latex/fontspec/fontspec.cfg)))
(c:/texlive/2022/texmf-dist/tex/generic/babel/babel.sty
Package: babel 2022/01/23 3.85 The Babel package

(c:/texlive/2022/texmf-dist/tex/generic/babel/luababel.def
\bbl@readstream=\read2
\l@dumylang=\language2
Package babel Info: Non-standard hyphenation setup on input line 118.
\l@nohyphenation=\language3
\l@german-x-2022-03-16=\language4
\l@ngerman-x-2022-03-16=\language5
\l@afrikaans=\language6
\l@ancientgreek=\language7
\l@ibycus=\language8
\l@arabic=\language9
\l@armenian=\language10
\l@basque=\language11
\l@belarusian=\language12
\l@bulgarian=\language13
\l@catalan=\language14
\l@pinyin=\language15
\l@churchslavonic=\language16
\l@coptic=\language17
\l@croatian=\language18
\l@czech=\language19
\l@danish=\language20
\l@dutch=\language21
\l@ukenglish=\language22
\l@usenglishmax=\language23
\l@esperanto=\language24
\l@estonian=\language25
\l@ethiopic=\language26
\l@farsi=\language27
\l@finnish=\language28
\l@schoolfinnish=\language29
\l@french=\language30
\l@friulan=\language31
\l@galician=\language32
\l@georgian=\language33
\l@german=\language34
\l@ngerman=\language35
\l@swissgerman=\language36
\l@greek=\language37
\l@monogreek=\language38
\l@hungarian=\language39
\l@icelandic=\language40
\l@assamese=\language41
\l@bengali=\language42
\l@gujarati=\language43
\l@hindi=\language44
\l@kannada=\language45
\l@malayalam=\language46
\l@marathi=\language47
\l@oriya=\language48
\l@pali=\language49
\l@panjabi=\language50
\l@tamil=\language51
\l@telugu=\language52
\l@indonesian=\language53
\l@interlingua=\language54
\l@irish=\language55
\l@italian=\language56
\l@kurmanji=\language57
\l@classiclatin=\language58
\l@latin=\language59
\l@liturgicallatin=\language60
\l@latvian=\language61
\l@lithuanian=\language62
\l@macedonian=\language63
\l@mongolian=\language64
\l@mongolianlmc=\language65
\l@bokmal=\language66
\l@nynorsk=\language67
\l@occitan=\language68
\l@piedmontese=\language69
\l@polish=\language70
\l@portuguese=\language71
\l@romanian=\language72
\l@romansh=\language73
\l@russian=\language74
\l@sanskrit=\language75
\l@serbian=\language76
\l@serbianc=\language77
\l@slovak=\language78
\l@slovenian=\language79
\l@spanish=\language80
\l@swedish=\language81
\l@thai=\language82
\l@turkish=\language83
\l@turkmen=\language84
\l@ukrainian=\language85
\l@uppersorbian=\language86
\l@welsh=\language87
\babelcatcodetablenum=\catcodetable12
\bbl@pattcodes=\catcodetable13
)
\babel@savecnt=\count278
\U@D=\dimen151
\l@unhyphenated=\language88

(c:/texlive/2022/texmf-dist/tex/generic/babel/luababel.def
\bbl@attr@locale=\attribute4
)
(c:/texlive/2022/texmf-dist/tex/generic/babel-english/english.ldf
Language: english 2017/06/06 v3.3r English support from the babel system
Package babel Info: Hyphen rules for 'canadian' set to \l@english
(babel)             (\language0). Reported on input line 102.
Package babel Info: Hyphen rules for 'australian' set to \l@ukenglish
(babel)             (\language22). Reported on input line 105.
Package babel Info: Hyphen rules for 'newzealand' set to \l@ukenglish
(babel)             (\language22). Reported on input line 108.
))
(c:/texlive/2022/texmf-dist/tex/generic/babel/locale/en/babel-english.tex
Package babel Info: Importing font and identification data for english
(babel)             from babel-en.ini. Reported on input line 11.
)
luaotfload | cache : Lookup cache loaded from C:/texlive/2022/texmf-var/luatex-c
ache/generic/names/luaotfload-lookup-cache.luc.
luaotfload | aux : font no 18 (nil) defines no feature for script dev2

Package fontspec Info: Could not resolve font "Siddhanta/BI" (it probably
(fontspec)             doesn't exist).


Package fontspec Info: Could not resolve font "Siddhanta/B" (it probably
(fontspec)             doesn't exist).


Package fontspec Info: Could not resolve font "Siddhanta/I" (it probably
(fontspec)             doesn't exist).

luaotfload | aux : font no 20 (nil) does not define feature smcp for script deva
 with language dflt

Package fontspec Info: Font family 'Siddhanta(0)' created for font 'Siddhanta'
(fontspec)             with options [Script=Devanagari].
(fontspec)              
(fontspec)              This font family consists of the following NFSS
(fontspec)             series/shapes:
(fontspec)              
(fontspec)             - 'normal' (m/n) with NFSS spec.:
(fontspec)             <->"Siddhanta:mode=node;script=deva;language=dflt;"
(fontspec)             - 'small caps'  (m/sc) with NFSS spec.: 


(./stotrani.aux)
\openout1 = stotrani.aux

LaTeX Font Info:    Checking defaults for OML/cmm/m/it on input line 38.
LaTeX Font Info:    ... okay on input line 38.
LaTeX Font Info:    Checking defaults for OMS/cmsy/m/n on input line 38.
LaTeX Font Info:    ... okay on input line 38.
LaTeX Font Info:    Checking defaults for OT1/cmr/m/n on input line 38.
LaTeX Font Info:    ... okay on input line 38.
LaTeX Font Info:    Checking defaults for T1/cmr/m/n on input line 38.
LaTeX Font Info:    ... okay on input line 38.
LaTeX Font Info:    Checking defaults for TS1/cmr/m/n on input line 38.
LaTeX Font Info:    Trying to load font information for TS1+cmr on input line 3
8.
 (c:/texlive/2022/texmf-dist/tex/latex/base/ts1cmr.fd
File: ts1cmr.fd 2022/07/10 v2.5l Standard LaTeX font definitions
)
LaTeX Font Info:    ... okay on input line 38.
LaTeX Font Info:    Checking defaults for TU/lmr/m/n on input line 38.
LaTeX Font Info:    ... okay on input line 38.
LaTeX Font Info:    Checking defaults for OMX/cmex/m/n on input line 38.
LaTeX Font Info:    ... okay on input line 38.
LaTeX Font Info:    Checking defaults for U/cmr/m/n on input line 38.
LaTeX Font Info:    ... okay on input line 38.

*geometry* driver: auto-detecting
*geometry* detected driver: luatex
*geometry* verbose mode - [ preamble ] result:
* driver: luatex
* paper: a5paper
* layout: <same size as paper>
* layoutoffset:(h,v)=(0.0pt,0.0pt)
* modes: twoside 
* h-part:(L,W,R)=(72.26999pt, 276.5608pt, 72.26999pt)
* v-part:(T,H,B)=(72.26999pt, 452.9679pt, 72.26999pt)
* \paperwidth=421.10078pt
* \paperheight=597.50787pt
* \textwidth=276.5608pt
* \textheight=452.9679pt
* \oddsidemargin=0.0pt
* \evensidemargin=0.0pt
* \topmargin=-37.0pt
* \headheight=12.0pt
* \headsep=25.0pt
* \topskip=10.0pt
* \footskip=30.0pt
* \marginparwidth=47.0pt
* \marginparsep=11.0pt
* \columnsep=10.0pt
* \skip\footins=9.0pt plus 4.0pt minus 2.0pt
* \hoffset=0.0pt
* \voffset=0.0pt
* \mag=1000
* \@twocolumnfalse
* \@twosidetrue
* \@mparswitchtrue
* \@reversemarginfalse
* (1in=72.27pt=25.4mm, 1cm=28.453pt)

(c:/texlive/2022/texmf-dist/tex/context/base/mkii/supp-pdf.mkii
[Loading MPS to PDF converter (version 2006.09.02).]
\scratchcounter=\count279
\scratchdimen=\dimen152
\scratchbox=\box52
\nofMPsegments=\count280
\nofMParguments=\count281
\everyMPshowfont=\toks20
\MPscratchCnt=\count282
\MPscratchDim=\dimen153
\MPnumerator=\count283
\makeMPintoPDFobject=\count284
\everyMPtoPDFconversion=\toks21
)

Package fontspec Info: Adjusting the maths setup (use [no-math] to avoid
(fontspec)             this).

\symlegacymaths=\mathgroup4
LaTeX Font Info:    Overwriting symbol font `legacymaths' in version `bold'
(Font)                  OT1/cmr/m/n --> OT1/cmr/bx/n on input line 38.
LaTeX Font Info:    Redeclaring math accent \acute on input line 38.
LaTeX Font Info:    Redeclaring math accent \grave on input line 38.
LaTeX Font Info:    Redeclaring math accent \ddot on input line 38.
LaTeX Font Info:    Redeclaring math accent \tilde on input line 38.
LaTeX Font Info:    Redeclaring math accent \bar on input line 38.
LaTeX Font Info:    Redeclaring math accent \breve on input line 38.
LaTeX Font Info:    Redeclaring math accent \check on input line 38.
LaTeX Font Info:    Redeclaring math accent \hat on input line 38.
LaTeX Font Info:    Redeclaring math accent \dot on input line 38.
LaTeX Font Info:    Redeclaring math accent \mathring on input line 38.
LaTeX Font Info:    Redeclaring math symbol \colon on input line 38.
LaTeX Font Info:    Redeclaring math symbol \Gamma on input line 38.
LaTeX Font Info:    Redeclaring math symbol \Delta on input line 38.
LaTeX Font Info:    Redeclaring math symbol \Theta on input line 38.
LaTeX Font Info:    Redeclaring math symbol \Lambda on input line 38.
LaTeX Font Info:    Redeclaring math symbol \Xi on input line 38.
LaTeX Font Info:    Redeclaring math symbol \Pi on input line 38.
LaTeX Font Info:    Redeclaring math symbol \Sigma on input line 38.
LaTeX Font Info:    Redeclaring math symbol \Upsilon on input line 38.
LaTeX Font Info:    Redeclaring math symbol \Phi on input line 38.
LaTeX Font Info:    Redeclaring math symbol \Psi on input line 38.
LaTeX Font Info:    Redeclaring math symbol \Omega on input line 38.
LaTeX Font Info:    Redeclaring math symbol \mathdollar on input line 38.
LaTeX Font Info:    Redeclaring symbol font `operators' on input line 38.
LaTeX Font Info:    Encoding `OT1' has changed to `TU' for symbol font
(Font)              `operators' in the math version `normal' on input line 38.
LaTeX Font Info:    Overwriting symbol font `operators' in version `normal'
(Font)                  OT1/cmr/m/n --> TU/lmr/m/n on input line 38.
LaTeX Font Info:    Encoding `OT1' has changed to `TU' for symbol font
(Font)              `operators' in the math version `bold' on input line 38.
LaTeX Font Info:    Overwriting symbol font `operators' in version `bold'
(Font)                  OT1/cmr/bx/n --> TU/lmr/m/n on input line 38.
LaTeX Font Info:    Overwriting symbol font `operators' in version `normal'
(Font)                  TU/lmr/m/n --> TU/lmr/m/n on input line 38.
LaTeX Font Info:    Overwriting math alphabet `\mathit' in version `normal'
(Font)                  OT1/cmr/m/it --> TU/lmr/m/it on input line 38.
LaTeX Font Info:    Overwriting math alphabet `\mathbf' in version `normal'
(Font)                  OT1/cmr/bx/n --> TU/lmr/b/n on input line 38.
LaTeX Font Info:    Overwriting math alphabet `\mathsf' in version `normal'
(Font)                  OT1/cmss/m/n --> TU/lmss/m/n on input line 38.
LaTeX Font Info:    Overwriting math alphabet `\mathtt' in version `normal'
(Font)                  OT1/cmtt/m/n --> TU/lmtt/m/n on input line 38.
LaTeX Font Info:    Overwriting symbol font `operators' in version `bold'
(Font)                  TU/lmr/m/n --> TU/lmr/b/n on input line 38.
LaTeX Font Info:    Overwriting math alphabet `\mathit' in version `bold'
(Font)                  OT1/cmr/bx/it --> TU/lmr/b/it on input line 38.
LaTeX Font Info:    Overwriting math alphabet `\mathsf' in version `bold'
(Font)                  OT1/cmss/bx/n --> TU/lmss/b/n on input line 38.
LaTeX Font Info:    Overwriting math alphabet `\mathtt' in version `bold'
(Font)                  OT1/cmtt/m/n --> TU/lmtt/b/n on input line 38.
LaTeX Font Info:    External font `cmex10' loaded for size
(Font)              <12> on input line 39.
LaTeX Font Info:    External font `cmex10' loaded for size
(Font)              <8> on input line 39.
LaTeX Font Info:    External font `cmex10' loaded for size
(Font)              <6> on input line 39.
 [1

{c:/texlive/2022/texmf-var/fonts/map/pdftex/updmap/pdftex.map}] [2]
(./stotrani.toc

LaTeX Font Warning: Font shape `TU/Siddhanta(0)/bx/n' undefined
(Font)              using `TU/Siddhanta(0)/m/n' instead on input line 2.

LaTeX Font Info:    External font `cmex10' loaded for size
(Font)              <7> on input line 2.
LaTeX Font Info:    External font `cmex10' loaded for size
(Font)              <5> on input line 2.
)
\tf@toc=\write3

\openout3 = stotrani.toc
 [1]
Chapter 1.
(./Chapters/chapter1.tex
Underfull \hbox (badness 10000) in paragraph at lines 3--42

 []


Underfull \hbox (badness 10000) in paragraph at lines 3--42

 []


Underfull \hbox (badness 10000) in paragraph at lines 3--42

 []


Underfull \hbox (badness 10000) in paragraph at lines 3--42

 []


Underfull \hbox (badness 10000) in paragraph at lines 3--42

 []


Underfull \hbox (badness 10000) in paragraph at lines 3--42

 []


Underfull \hbox (badness 10000) in paragraph at lines 3--42

 []


Underfull \hbox (badness 10000) in paragraph at lines 3--42

 []

[2

]
Underfull \hbox (badness 10000) in paragraph at lines 46--85

 []


Underfull \hbox (badness 10000) in paragraph at lines 46--85

 []


Underfull \hbox (badness 10000) in paragraph at lines 46--85

 []


Underfull \hbox (badness 10000) in paragraph at lines 46--85

 []


Underfull \hbox (badness 10000) in paragraph at lines 46--85

 []


Underfull \hbox (badness 10000) in paragraph at lines 46--85

 []


Underfull \hbox (badness 10000) in paragraph at lines 46--85

 []


Underfull \hbox (badness 10000) in paragraph at lines 46--85

 []


Underfull \hbox (badness 10000) in paragraph at lines 46--85

 []


Underfull \hbox (badness 10000) in paragraph at lines 46--85

 []


Underfull \hbox (badness 10000) in paragraph at lines 46--85

 []


Underfull \hbox (badness 10000) in paragraph at lines 46--85

 []


Underfull \hbox (badness 10000) in paragraph at lines 46--85

 []

[3]
Underfull \hbox (badness 10000) in paragraph at lines 89--101

 []

[4]
Underfull \hbox (badness 10000) in paragraph at lines 105--132

 []


Underfull \hbox (badness 10000) in paragraph at lines 105--132

 []


Underfull \hbox (badness 10000) in paragraph at lines 105--132

 []


Underfull \hbox (badness 10000) in paragraph at lines 105--132

 []


Underfull \hbox (badness 10000) in paragraph at lines 105--132

 []


Underfull \hbox (badness 10000) in paragraph at lines 105--132

 []


Underfull \hbox (badness 10000) in paragraph at lines 105--132

 []


Underfull \hbox (badness 10000) in paragraph at lines 105--132

 []


Underfull \hbox (badness 10000) in paragraph at lines 105--132

 []

[5]
Overfull \hbox (9.77261pt too wide) in paragraph at lines 136--159
[]\TU/Siddhanta(0)/bx/n/10 वश्श्वेश्श्वराय 
नरकाणर्व तारणाय कणार्मृताय श
शशेखरधारणाय
 []


Overfull \hbox (3.01506pt too wide) in paragraph at lines 136--159
\TU/Siddhanta(0)/bx/n/10 कपूर्रकान्तधवलाय 
जटाधराय दारद्र्द्र्य दुःखद
हनाय नमः शवाय
 []


Underfull \hbox (badness 10000) in paragraph at lines 136--159

 []


Overfull \hbox (8.89383pt too wide) in paragraph at lines 136--159
\TU/Siddhanta(0)/bx/n/10 गाैरपर्याय रजनीश
कलाधराय कालान्तकाय भुजगाधप
कङ्ङ्कणाय
 []


Underfull \hbox (badness 10000) in paragraph at lines 136--159

 []


Underfull \hbox (badness 10000) in paragraph at lines 136--159

 []


Overfull \hbox (4.53015pt too wide) in paragraph at lines 136--159
\TU/Siddhanta(0)/bx/n/10 चमर्म्बराय शवभस्स्
वलेपनाय भालेक्षणाय मणकुण
्डलमण्डताय
 []


Underfull \hbox (badness 10000) in paragraph at lines 136--159

 []


Overfull \hbox (0.28777pt too wide) in paragraph at lines 136--159
\TU/Siddhanta(0)/bx/n/10 अानन्दभूमवरदाय तम
ाेमयाय दारद्र्द्र्य दुःखदह
नाय नमः शवाय
 []


Underfull \hbox (badness 10000) in paragraph at lines 136--159

 []


Overfull \hbox (3.25743pt too wide) in paragraph at lines 136--159
\TU/Siddhanta(0)/bx/n/10 भानुपर्याय भवसागर
तारणाय कालान्तकाय कमलासनपू
जताय
 []


Overfull \hbox (1.25745pt too wide) in paragraph at lines 136--159
\TU/Siddhanta(0)/bx/n/10 नेतर्तर्याय शभलक्
षण लक्षताय दारद्र्द्र्य दु
ःखदहनाय नमः शवाय
 []


Underfull \hbox (badness 10000) in paragraph at lines 136--159

 []


Underfull \hbox (badness 10000) in paragraph at lines 136--159

 []


Underfull \hbox (badness 10000) in paragraph at lines 136--159

 []

[6]) [7]
Chapter 2.
(./Chapters/chapter2.tex
Underfull \hbox (badness 10000) in paragraph at lines 3--172

 []


Underfull \hbox (badness 10000) in paragraph at lines 3--172

 []


Underfull \hbox (badness 10000) in paragraph at lines 3--172

 []


Overfull \hbox (5.98595pt too wide) in paragraph at lines 3--172
\TU/Siddhanta(0)/bx/n/10 called aha Ngra-hopAsanA. Through aha Ngra-hopAsanA
 []


Underfull \hbox (badness 10000) in paragraph at lines 3--172

 []


Underfull \hbox (badness 10000) in paragraph at lines 3--172

 []


Underfull \hbox (badness 10000) in paragraph at lines 3--172

 []


Underfull \hbox (badness 10000) in paragraph at lines 3--172

 []


Underfull \hbox (badness 10000) in paragraph at lines 3--172

 []


Underfull \hbox (badness 10000) in paragraph at lines 3--172

 []


Underfull \hbox (badness 10000) in paragraph at lines 3--172

 []


Underfull \hbox (badness 10000) in paragraph at lines 3--172

 []


Underfull \hbox (badness 10000) in paragraph at lines 3--172

 []


Underfull \hbox (badness 10000) in paragraph at lines 3--172

 []


Overfull \hbox (9.86105pt too wide) in paragraph at lines 3--172
\TU/Siddhanta(0)/bx/n/10 The Supreme in-de-struc-tible Lord is as-cer-tained thr
ough
 []


Underfull \hbox (badness 10000) in paragraph at lines 3--172

 []


Underfull \hbox (badness 10000) in paragraph at lines 3--172

 []


Underfull \hbox (badness 10000) in paragraph at lines 3--172

 []


Overfull \hbox (12.29665pt too wide) in paragraph at lines 3--172
\TU/Siddhanta(0)/bx/n/10 which are en-acted in mad-ness; नारायणः 
– Lord NArAyaNa;
 []


Underfull \hbox (badness 10000) in paragraph at lines 3--172

 []


Underfull \hbox (badness 10000) in paragraph at lines 3--172

 []


Underfull \hbox (badness 10000) in paragraph at lines 3--172

 []


Overfull \hbox (7.23412pt too wide) in paragraph at lines 3--172
\TU/Siddhanta(0)/bx/n/10 सनत्-कुमारः - the great brah-macArI
 named Sanat-kumAra;
 []


Underfull \hbox (badness 10000) in paragraph at lines 3--172

 []


Underfull \hbox (badness 10000) in paragraph at lines 3--172

 []


Underfull \hbox (badness 10000) in paragraph at lines 3--172

 []


Underfull \hbox (badness 10000) in paragraph at lines 3--172

 []


Underfull \hbox (badness 10000) in paragraph at lines 3--172

 []


Underfull \hbox (badness 10000) in paragraph at lines 3--172

 []


Underfull \hbox (badness 10000) in paragraph at lines 3--172

 []


Underfull \hbox (badness 10000) in paragraph at lines 3--172

 []


Underfull \hbox (badness 10000) in paragraph at lines 3--172

 []


Underfull \hbox (badness 10000) in paragraph at lines 3--172

 []


Overfull \hbox (27.10355pt too wide) in paragraph at lines 3--172
\TU/Siddhanta(0)/bx/n/10 hArata, shrImad-BhAgavatam MahA-PurANa (VyAsadeva.as
 []


Overfull \hbox (11.75401pt too wide) in paragraph at lines 3--172
\TU/Siddhanta(0)/bx/n/10 en-teen Pu-rANas. Only by the mercy of shrIla VyAsadeva

 []


Overfull \hbox (37.348pt too wide) in paragraph at lines 3--172
\TU/Siddhanta(0)/bx/n/10 As de-scribed by shrIla Jayadeva Gos-vAmI in his DashAv
atAra-
 []


Underfull \hbox (badness 10000) in paragraph at lines 3--172

 []


Underfull \hbox (badness 10000) in paragraph at lines 3--172

 []


Underfull \hbox (badness 10000) in paragraph at lines 3--172

 []


Underfull \hbox (badness 10000) in paragraph at lines 3--172

 []


Underfull \hbox (badness 10000) in paragraph at lines 3--172

 []


Underfull \hbox (badness 10000) in paragraph at lines 3--172

 []


Underfull \hbox (badness 10000) in paragraph at lines 3--172

 []


Underfull \hbox (badness 10000) in paragraph at lines 3--172

 []


Underfull \hbox (badness 10000) in paragraph at lines 3--172

 []


Underfull \hbox (badness 10000) in paragraph at lines 3--172

 []


Underfull \hbox (badness 10000) in paragraph at lines 3--172

 []


Underfull \hbox (badness 10000) in paragraph at lines 3--172

 []


Underfull \hbox (badness 10000) in paragraph at lines 3--172

 []


Underfull \hbox (badness 10000) in paragraph at lines 3--172

 []


Underfull \hbox (badness 10000) in paragraph at lines 3--172

 []


Underfull \hbox (badness 10000) in paragraph at lines 3--172

 []


Underfull \hbox (badness 10000) in paragraph at lines 3--172

 []


Underfull \hbox (badness 10000) in paragraph at lines 3--172

 []


Underfull \hbox (badness 10000) in paragraph at lines 3--172

 []


Underfull \hbox (badness 10000) in paragraph at lines 3--172

 []


Underfull \hbox (badness 10000) in paragraph at lines 3--172

 []


Underfull \hbox (badness 10000) in paragraph at lines 3--172

 []


Underfull \hbox (badness 10000) in paragraph at lines 3--172

 []


Underfull \hbox (badness 10000) in paragraph at lines 3--172

 []


Underfull \hbox (badness 10000) in paragraph at lines 3--172

 []


Underfull \hbox (badness 10000) in paragraph at lines 3--172

 []


Underfull \hbox (badness 10000) in paragraph at lines 3--172

 []


Underfull \hbox (badness 10000) in paragraph at lines 3--172

 []


Overfull \hbox (7.11806pt too wide) in paragraph at lines 3--172
\TU/Siddhanta(0)/bx/n/10 गरुडः - His Ho-li-ness GaruDa, the car-rier 
of Lord ViShNu;
 []


Underfull \hbox (badness 10000) in paragraph at lines 3--172

 []


Underfull \hbox (badness 10000) in paragraph at lines 3--172

 []


Underfull \hbox (badness 10000) in paragraph at lines 3--172

 []


Underfull \hbox (badness 10000) in paragraph at lines 3--172

 []


Underfull \hbox (badness 10000) in paragraph at lines 3--172

 []


Underfull \hbox (badness 10000) in paragraph at lines 3--172

 []


Underfull \hbox (badness 10000) in paragraph at lines 3--172

 []


Underfull \hbox (badness 10000) in paragraph at lines 3--172

 []


Underfull \hbox (badness 10000) in paragraph at lines 3--172

 []


Underfull \hbox (badness 10000) in paragraph at lines 3--172

 []


Underfull \hbox (badness 10000) in paragraph at lines 3--172

 []


Underfull \hbox (badness 10000) in paragraph at lines 3--172

 []


Underfull \hbox (badness 10000) in paragraph at lines 3--172

 []


Underfull \hbox (badness 10000) in paragraph at lines 3--172

 []

[8

] [9]
Underfull \vbox (badness 10000) has occurred while \output is active []

 [10]
Underfull \vbox (badness 10000) has occurred while \output is active []

 [11]
Underfull \vbox (badness 10000) has occurred while \output is active []

 [12]
Underfull \vbox (badness 10000) has occurred while \output is active []

 [13]
Underfull \vbox (badness 10000) has occurred while \output is active []

 [14]
Underfull \vbox (badness 10000) has occurred while \output is active []

 [15]
Underfull \vbox (badness 10000) has occurred while \output is active []

 [16]
Underfull \vbox (badness 10000) has occurred while \output is active []

 [17]
Underfull \vbox (badness 10000) has occurred while \output is active []

 [18]
Underfull \vbox (badness 10000) has occurred while \output is active []

 [19]
Underfull \vbox (badness 10000) has occurred while \output is active []

 [20]
Underfull \vbox (badness 10000) has occurred while \output is active []

 [21]
Underfull \vbox (badness 10000) has occurred while \output is active []

 [22]
Underfull \vbox (badness 10000) has occurred while \output is active []

 [23]
Underfull \hbox (badness 10000) in paragraph at lines 176--212

 []


Underfull \hbox (badness 10000) in paragraph at lines 176--212

 []


Underfull \hbox (badness 10000) in paragraph at lines 176--212

 []


Underfull \hbox (badness 10000) in paragraph at lines 176--212

 []


Underfull \hbox (badness 10000) in paragraph at lines 176--212

 []


Underfull \hbox (badness 10000) in paragraph at lines 176--212

 []


Underfull \hbox (badness 10000) in paragraph at lines 176--212

 []


Underfull \hbox (badness 10000) in paragraph at lines 176--212

 []


Underfull \hbox (badness 10000) in paragraph at lines 176--212

 []


Underfull \hbox (badness 10000) in paragraph at lines 176--212

 []


Underfull \hbox (badness 10000) in paragraph at lines 176--212

 []


Underfull \hbox (badness 10000) in paragraph at lines 176--212

 []


Underfull \hbox (badness 10000) in paragraph at lines 176--212

 []


Underfull \vbox (badness 10000) has occurred while \output is active []

 [24]
[25]
Underfull \hbox (badness 10000) in paragraph at lines 214--247

 []


Underfull \hbox (badness 10000) in paragraph at lines 214--247

 []


Underfull \hbox (badness 10000) in paragraph at lines 214--247

 []


Underfull \hbox (badness 10000) in paragraph at lines 214--247

 []


Underfull \hbox (badness 10000) in paragraph at lines 214--247

 []


Underfull \hbox (badness 10000) in paragraph at lines 214--247

 []


Underfull \hbox (badness 10000) in paragraph at lines 214--247

 []


Underfull \hbox (badness 10000) in paragraph at lines 214--247

 []


Underfull \hbox (badness 10000) in paragraph at lines 214--247

 []


Underfull \hbox (badness 10000) in paragraph at lines 214--247

 []


Underfull \hbox (badness 10000) in paragraph at lines 214--247

 []


Underfull \hbox (badness 10000) in paragraph at lines 214--247

 []

[26]
Underfull \hbox (badness 10000) in paragraph at lines 249--295

 []


Underfull \hbox (badness 10000) in paragraph at lines 249--295

 []


Underfull \hbox (badness 10000) in paragraph at lines 249--295

 []


Underfull \hbox (badness 10000) in paragraph at lines 249--295

 []


Underfull \hbox (badness 10000) in paragraph at lines 249--295

 []


Underfull \hbox (badness 10000) in paragraph at lines 249--295

 []


Underfull \hbox (badness 10000) in paragraph at lines 249--295

 []


Underfull \hbox (badness 10000) in paragraph at lines 249--295

 []


Underfull \hbox (badness 10000) in paragraph at lines 249--295

 []


Underfull \hbox (badness 10000) in paragraph at lines 249--295

 []


Underfull \hbox (badness 10000) in paragraph at lines 249--295

 []


Underfull \hbox (badness 10000) in paragraph at lines 249--295

 []


Underfull \hbox (badness 10000) in paragraph at lines 249--295

 []


Underfull \hbox (badness 10000) in paragraph at lines 249--295

 []


Underfull \hbox (badness 10000) in paragraph at lines 249--295

 []


Underfull \hbox (badness 10000) in paragraph at lines 249--295

 []

[27]
Underfull \hbox (badness 10000) in paragraph at lines 297--342

 []


Underfull \hbox (badness 10000) in paragraph at lines 297--342

 []


Underfull \hbox (badness 10000) in paragraph at lines 297--342

 []


Underfull \hbox (badness 10000) in paragraph at lines 297--342

 []


Underfull \hbox (badness 10000) in paragraph at lines 297--342

 []


Underfull \hbox (badness 10000) in paragraph at lines 297--342

 []


Underfull \hbox (badness 10000) in paragraph at lines 297--342

 []


Underfull \hbox (badness 10000) in paragraph at lines 297--342

 []


Underfull \hbox (badness 10000) in paragraph at lines 297--342

 []


Underfull \hbox (badness 10000) in paragraph at lines 297--342

 []


Underfull \hbox (badness 10000) in paragraph at lines 297--342

 []


Underfull \hbox (badness 10000) in paragraph at lines 297--342

 []


Underfull \hbox (badness 10000) in paragraph at lines 297--342

 []


Underfull \hbox (badness 10000) in paragraph at lines 297--342

 []


Underfull \hbox (badness 10000) in paragraph at lines 297--342

 []


Underfull \hbox (badness 10000) in paragraph at lines 297--342

 []

[28]
Overfull \hbox (80.02954pt too wide) in paragraph at lines 344--348
\TU/Siddhanta(0)/bx/n/10 ॐ ॥ पान्त्त्वस्स्ा
न् पुरुहूतवैरबलवन्न्ातङ्
ङ्गमाद्द्यद् घटा- कुम्ाेच्च
ादर्वपाटनाधकपटपर्त्त्य
ेकवजर्ायताः
 []


Overfull \hbox (18.9993pt too wide) in paragraph at lines 344--348
\TU/Siddhanta(0)/bx/n/10 शर्ीमत् कण्ठरवास्
स्यपर्ततसनखरा दारताराितद
ूर- पर्ध्ध्वस्तध्ध्वान्तशान
्तपर्वततमनसा
 []


Underfull \hbox (badness 10000) in paragraph at lines 344--348

 []

Missing character: There is no ल (U+0932) in font cmmi10!
Missing character: There is no ल (U+0932) in font cmmi10!
Missing character: There is no क (U+0915) in font cmmi10!
Missing character: There is no क (U+0915) in font cmmi10!
Missing character: There is no ् (U+094D) in font cmmi10!
Missing character: There is no ् (U+094D) in font cmmi10!
Missing character: There is no ष (U+0937) in font cmmi10!
Missing character: There is no ष (U+0937) in font cmmi10!
Missing character: There is no ् (U+094D) in font cmmi10!
Missing character: There is no ् (U+094D) in font cmmi10!
Missing character: There is no म (U+092E) in font cmmi10!
Missing character: There is no म (U+092E) in font cmmi10!
Missing character: There is no ी (U+0940) in font cmmi10!
Missing character: There is no ी (U+0940) in font cmmi10!
Missing character: There is no क (U+0915) in font cmmi10!
Missing character: There is no क (U+0915) in font cmmi10!
Missing character: There is no ा (U+093E) in font cmmi10!
Missing character: There is no ा (U+093E) in font cmmi10!
Missing character: There is no न (U+0928) in font cmmi10!
Missing character: There is no न (U+0928) in font cmmi10!
Missing character: There is no ् (U+094D) in font cmmi10!
Missing character: There is no ् (U+094D) in font cmmi10!
Missing character: There is no त (U+0924) in font cmmi10!
Missing character: There is no त (U+0924) in font cmmi10!
Missing character: There is no स (U+0938) in font cmmi10!
Missing character: There is no स (U+0938) in font cmmi10!
Missing character: There is no म (U+092E) in font cmmi10!
Missing character: There is no म (U+092E) in font cmmi10!
Missing character: There is no न (U+0928) in font cmmi10!
Missing character: There is no न (U+0928) in font cmmi10!
Missing character: There is no ् (U+094D) in font cmmi10!
Missing character: There is no ् (U+094D) in font cmmi10!
Missing character: There is no त (U+0924) in font cmmi10!
Missing character: There is no त (U+0924) in font cmmi10!
Missing character: There is no त (U+0924) in font cmmi10!
Missing character: There is no त (U+0924) in font cmmi10!
Missing character: There is no ो (U+094B) in font cmmi10!
Missing character: There is no ो (U+094B) in font cmmi10!
Missing character: There is no ऽ (U+093D) in font cmmi10!
Missing character: There is no ऽ (U+093D) in font cmmi10!
Missing character: There is no प (U+092A) in font cmmi10!
Missing character: There is no प (U+092A) in font cmmi10!
Missing character: There is no ि (U+093F) in font cmmi10!
Missing character: There is no ि (U+093F) in font cmmi10!
Missing character: There is no क (U+0915) in font cmmi10!
Missing character: There is no क (U+0915) in font cmmi10!
Missing character: There is no ल (U+0932) in font cmmi10!
Missing character: There is no ल (U+0932) in font cmmi10!
Missing character: There is no य (U+092F) in font cmmi10!
Missing character: There is no य (U+092F) in font cmmi10!
Missing character: There is no न (U+0928) in font cmmi10!
Missing character: There is no न (U+0928) in font cmmi10!
Missing character: There is no ् (U+094D) in font cmmi10!
Missing character: There is no ् (U+094D) in font cmmi10!
Missing character: There is no न (U+0928) in font cmmi10!
Missing character: There is no न (U+0928) in font cmmi10!
Missing character: There is no ै (U+0948) in font cmmi10!
Missing character: There is no ै (U+0948) in font cmmi10!
Missing character: There is no व (U+0935) in font cmmi10!
Missing character: There is no व (U+0935) in font cmmi10!
Missing character: There is no े (U+0947) in font cmmi10!
Missing character: There is no े (U+0947) in font cmmi10!
Missing character: There is no श (U+0936) in font cmmi10!
Missing character: There is no श (U+0936) in font cmmi10!
Missing character: There is no ि (U+093F) in font cmmi10!
Missing character: There is no ि (U+093F) in font cmmi10!
Missing character: There is no त (U+0924) in font cmmi10!
Missing character: There is no त (U+0924) in font cmmi10!
Missing character: There is no ु (U+0941) in font cmmi10!
Missing character: There is no ु (U+0941) in font cmmi10!
Missing character: There is no स (U+0938) in font cmmi10!
Missing character: There is no स (U+0938) in font cmmi10!
Missing character: There is no ् (U+094D) in font cmmi10!
Missing character: There is no ् (U+094D) in font cmmi10!
Missing character: There is no त (U+0924) in font cmmi10!
Missing character: There is no त (U+0924) in font cmmi10!
Missing character: There is no े (U+0947) in font cmmi10!
Missing character: There is no े (U+0947) in font cmmi10!
Missing character: There is no स (U+0938) in font cmmi10!
Missing character: There is no स (U+0938) in font cmmi10!
Missing character: There is no म (U+092E) in font cmmi10!
Missing character: There is no म (U+092E) in font cmmi10!
Missing character: There is no ं (U+0902) in font cmmi10!
Missing character: There is no ं (U+0902) in font cmmi10!
Missing character: There is no प (U+092A) in font cmmi10!
Missing character: There is no प (U+092A) in font cmmi10!
Missing character: There is no श (U+0936) in font cmmi10!
Missing character: There is no श (U+0936) in font cmmi10!
Missing character: There is no ् (U+094D) in font cmmi10!
Missing character: There is no ् (U+094D) in font cmmi10!
Missing character: There is no य (U+092F) in font cmmi10!
Missing character: There is no य (U+092F) in font cmmi10!
Missing character: There is no ा (U+093E) in font cmmi10!
Missing character: There is no ा (U+093E) in font cmmi10!
Missing character: There is no म (U+092E) in font cmmi10!
Missing character: There is no म (U+092E) in font cmmi10!
Missing character: There is no ् (U+094D) in font cmmi10!
Missing character: There is no ् (U+094D) in font cmmi10!
Missing character: There is no य (U+092F) in font cmmi10!
Missing character: There is no य (U+092F) in font cmmi10!
Missing character: There is no ु (U+0941) in font cmmi10!
Missing character: There is no ु (U+0941) in font cmmi10!
Missing character: There is no त (U+0924) in font cmmi10!
Missing character: There is no त (U+0924) in font cmmi10!
Missing character: There is no ् (U+094D) in font cmmi10!
Missing character: There is no ् (U+094D) in font cmmi10!
Missing character: There is no त (U+0924) in font cmmi10!
Missing character: There is no त (U+0924) in font cmmi10!
Missing character: There is no म (U+092E) in font cmmi10!
Missing character: There is no म (U+092E) in font cmmi10!
Missing character: There is no व (U+0935) in font cmmi10!
Missing character: There is no व (U+0935) in font cmmi10!
Missing character: There is no स (U+0938) in font cmmi10!
Missing character: There is no स (U+0938) in font cmmi10!
Missing character: There is no ् (U+094D) in font cmmi10!
Missing character: There is no ् (U+094D) in font cmmi10!
Missing character: There is no त (U+0924) in font cmmi10!
Missing character: There is no त (U+0924) in font cmmi10!
Missing character: There is no ु (U+0941) in font cmmi10!
Missing character: There is no ु (U+0941) in font cmmi10!
Missing character: There is no द (U+0926) in font cmmi10!
Missing character: There is no द (U+0926) in font cmmi10!
Missing character: There is no ू (U+0942) in font cmmi10!
Missing character: There is no ू (U+0942) in font cmmi10!
Missing character: There is no र (U+0930) in font cmmi10!
Missing character: There is no र (U+0930) in font cmmi10!
Missing character: There is no त (U+0924) in font cmmi10!
Missing character: There is no त (U+0924) in font cmmi10!
Missing character: There is no र (U+0930) in font cmmi10!
Missing character: There is no र (U+0930) in font cmmi10!
Missing character: There is no त (U+0924) in font cmmi10!
Missing character: There is no त (U+0924) in font cmmi10!
Missing character: There is no ो (U+094B) in font cmmi10!
Missing character: There is no ो (U+094B) in font cmmi10!
Missing character: There is no ऽ (U+093D) in font cmmi10!
Missing character: There is no ऽ (U+093D) in font cmmi10!
Missing character: There is no प (U+092A) in font cmmi10!
Missing character: There is no प (U+092A) in font cmmi10!
Missing character: There is no ा (U+093E) in font cmmi10!
Missing character: There is no ा (U+093E) in font cmmi10!
Missing character: There is no स (U+0938) in font cmmi10!
Missing character: There is no स (U+0938) in font cmmi10!
Missing character: There is no ् (U+094D) in font cmmi10!
Missing character: There is no ् (U+094D) in font cmmi10!
Missing character: There is no त (U+0924) in font cmmi10!
Missing character: There is no त (U+0924) in font cmmi10!
Missing character: There is no ं (U+0902) in font cmmi10!
Missing character: There is no ं (U+0902) in font cmmi10!
Missing character: There is no र (U+0930) in font cmmi10!
Missing character: There is no र (U+0930) in font cmmi10!
Missing character: There is no स (U+0938) in font cmmi10!
Missing character: There is no स (U+0938) in font cmmi10!
Missing character: There is no ो (U+094B) in font cmmi10!
Missing character: There is no ो (U+094B) in font cmmi10!
Missing character: There is no य (U+092F) in font cmmi10!
Missing character: There is no य (U+092F) in font cmmi10!
Missing character: There is no ो (U+094B) in font cmmi10!
Missing character: There is no ो (U+094B) in font cmmi10!
Missing character: There is no ऽ (U+093D) in font cmmi10!
Missing character: There is no ऽ (U+093D) in font cmmi10!
Missing character: There is no ष (U+0937) in font cmmi10!
Missing character: There is no ष (U+0937) in font cmmi10!
Missing character: There is no ् (U+094D) in font cmmi10!
Missing character: There is no ् (U+094D) in font cmmi10!
Missing character: There is no ट (U+091F) in font cmmi10!
Missing character: There is no ट (U+091F) in font cmmi10!
Missing character: There is no म (U+092E) in font cmmi10!
Missing character: There is no म (U+092E) in font cmmi10!
Missing character: There is no ः (U+0903) in font cmmi10!
Missing character: There is no । (U+0964) in font [lmroman10-regular]:+tlig;!
Missing character: There is no य (U+092F) in font cmmi10!
Missing character: There is no य (U+092F) in font cmmi10!
Missing character: There is no द (U+0926) in font cmmi10!
Missing character: There is no द (U+0926) in font cmmi10!
Missing character: There is no ् (U+094D) in font cmmi10!
Missing character: There is no ् (U+094D) in font cmmi10!
Missing character: There is no र (U+0930) in font cmmi10!
Missing character: There is no र (U+0930) in font cmmi10!
Missing character: There is no ो (U+094B) in font cmmi10!
Missing character: There is no ो (U+094B) in font cmmi10!
Missing character: There is no ष (U+0937) in font cmmi10!
Missing character: There is no ष (U+0937) in font cmmi10!
Missing character: There is no ो (U+094B) in font cmmi10!
Missing character: There is no ो (U+094B) in font cmmi10!
Missing character: There is no त (U+0924) in font cmmi10!
Missing character: There is no त (U+0924) in font cmmi10!
Missing character: There is no ् (U+094D) in font cmmi10!
Missing character: There is no ् (U+094D) in font cmmi10!
Missing character: There is no क (U+0915) in font cmmi10!
Missing character: There is no क (U+0915) in font cmmi10!
Missing character: There is no र (U+0930) in font cmmi10!
Missing character: There is no र (U+0930) in font cmmi10!
Missing character: There is no द (U+0926) in font cmmi10!
Missing character: There is no द (U+0926) in font cmmi10!
Missing character: There is no क (U+0915) in font cmmi10!
Missing character: There is no क (U+0915) in font cmmi10!
Missing character: There is no ् (U+094D) in font cmmi10!
Missing character: There is no ् (U+094D) in font cmmi10!
Missing character: There is no ष (U+0937) in font cmmi10!
Missing character: There is no ष (U+0937) in font cmmi10!
Missing character: There is no न (U+0928) in font cmmi10!
Missing character: There is no न (U+0928) in font cmmi10!
Missing character: There is no े (U+0947) in font cmmi10!
Missing character: There is no े (U+0947) in font cmmi10!
Missing character: There is no त (U+0924) in font cmmi10!
Missing character: There is no त (U+0924) in font cmmi10!
Missing character: There is no ् (U+094D) in font cmmi10!
Missing character: There is no ् (U+094D) in font cmmi10!
Missing character: There is no र (U+0930) in font cmmi10!
Missing character: There is no र (U+0930) in font cmmi10!
Missing character: There is no क (U+0915) in font cmmi10!
Missing character: There is no क (U+0915) in font cmmi10!
Missing character: There is no ु (U+0941) in font cmmi10!
Missing character: There is no ु (U+0941) in font cmmi10!
Missing character: There is no ट (U+091F) in font cmmi10!
Missing character: There is no ट (U+091F) in font cmmi10!
Missing character: There is no ि (U+093F) in font cmmi10!
Missing character: There is no ि (U+093F) in font cmmi10!
Missing character: There is no ल (U+0932) in font cmmi10!
Missing character: There is no ल (U+0932) in font cmmi10!
Missing character: There is no प (U+092A) in font cmmi10!
Missing character: There is no प (U+092A) in font cmmi10!
Missing character: There is no ् (U+094D) in font cmmi10!
Missing character: There is no ् (U+094D) in font cmmi10!
Missing character: There is no र (U+0930) in font cmmi10!
Missing character: There is no र (U+0930) in font cmmi10!
Missing character: There is no ा (U+093E) in font cmmi10!
Missing character: There is no ा (U+093E) in font cmmi10!
Missing character: There is no न (U+0928) in font cmmi10!
Missing character: There is no न (U+0928) in font cmmi10!
Missing character: There is no ् (U+094D) in font cmmi10!
Missing character: There is no ् (U+094D) in font cmmi10!
Missing character: There is no त (U+0924) in font cmmi10!
Missing character: There is no त (U+0924) in font cmmi10!
Missing character: There is no ो (U+094B) in font cmmi10!
Missing character: There is no ो (U+094B) in font cmmi10!
Missing character: There is no त (U+0924) in font cmmi10!
Missing character: There is no त (U+0924) in font cmmi10!
Missing character: There is no ् (U+094D) in font cmmi10!
Missing character: There is no ् (U+094D) in font cmmi10!
Missing character: There is no थ (U+0925) in font cmmi10!
Missing character: There is no थ (U+0925) in font cmmi10!
Missing character: There is no ि (U+093F) in font cmmi10!
Missing character: There is no ि (U+093F) in font cmmi10!
Missing character: There is no त (U+0924) in font cmmi10!
Missing character: There is no त (U+0924) in font cmmi10!
Missing character: There is no ा (U+093E) in font cmmi10!
Missing character: There is no ा (U+093E) in font cmmi10!
Missing character: There is no ग (U+0917) in font cmmi10!
Missing character: There is no ग (U+0917) in font cmmi10!
Missing character: There is no ् (U+094D) in font cmmi10!
Missing character: There is no ् (U+094D) in font cmmi10!
Missing character: There is no न (U+0928) in font cmmi10!
Missing character: There is no न (U+0928) in font cmmi10!
Missing character: There is no ि (U+093F) in font cmmi10!
Missing character: There is no ि (U+093F) in font cmmi10!
Missing character: There is no स (U+0938) in font cmmi10!
Missing character: There is no स (U+0938) in font cmmi10!
Missing character: There is no ् (U+094D) in font cmmi10!
Missing character: There is no ् (U+094D) in font cmmi10!
Missing character: There is no फ (U+092B) in font cmmi10!
Missing character: There is no फ (U+092B) in font cmmi10!
Missing character: There is no ु (U+0941) in font cmmi10!
Missing character: There is no ु (U+0941) in font cmmi10!
Missing character: There is no र (U+0930) in font cmmi10!
Missing character: There is no र (U+0930) in font cmmi10!
Missing character: There is no त (U+0924) in font cmmi10!
Missing character: There is no त (U+0924) in font cmmi10!
Missing character: There is no ् (U+094D) in font cmmi10!
Missing character: There is no ख (U+0916) in font cmmi10!
Missing character: There is no ख (U+0916) in font cmmi10!
Missing character: There is no द (U+0926) in font cmmi10!
Missing character: There is no द (U+0926) in font cmmi10!
Missing character: There is no ् (U+094D) in font cmmi10!
Missing character: There is no ् (U+094D) in font cmmi10!
Missing character: There is no य (U+092F) in font cmmi10!
Missing character: There is no य (U+092F) in font cmmi10!
Missing character: There is no ो (U+094B) in font cmmi10!
Missing character: There is no ो (U+094B) in font cmmi10!
Missing character: There is no त (U+0924) in font cmmi10!
Missing character: There is no त (U+0924) in font cmmi10!
Missing character: There is no ो (U+094B) in font cmmi10!
Missing character: There is no ो (U+094B) in font cmmi10!
Missing character: There is no प (U+092A) in font cmmi10!
Missing character: There is no प (U+092A) in font cmmi10!
Missing character: There is no म (U+092E) in font cmmi10!
Missing character: There is no म (U+092E) in font cmmi10!
Missing character: There is no व (U+0935) in font cmmi10!
Missing character: There is no व (U+0935) in font cmmi10!
Missing character: There is no ि (U+093F) in font cmmi10!
Missing character: There is no ि (U+093F) in font cmmi10!
Missing character: There is no ष (U+0937) in font cmmi10!
Missing character: There is no ष (U+0937) in font cmmi10!
Missing character: There is no ् (U+094D) in font cmmi10!
Missing character: There is no ् (U+094D) in font cmmi10!
Missing character: There is no फ (U+092B) in font cmmi10!
Missing character: There is no फ (U+092B) in font cmmi10!
Missing character: There is no ु (U+0941) in font cmmi10!
Missing character: There is no ु (U+0941) in font cmmi10!
Missing character: There is no ल (U+0932) in font cmmi10!
Missing character: There is no ल (U+0932) in font cmmi10!
Missing character: There is no ि (U+093F) in font cmmi10!
Missing character: There is no ि (U+093F) in font cmmi10!
Missing character: There is no ङ (U+0919) in font cmmi10!
Missing character: There is no ङ (U+0919) in font cmmi10!
Missing character: There is no ् (U+094D) in font cmmi10!
Missing character: There is no ् (U+094D) in font cmmi10!
Missing character: There is no ग (U+0917) in font cmmi10!
Missing character: There is no ग (U+0917) in font cmmi10!
Missing character: There is no भ (U+092D) in font cmmi10!
Missing character: There is no भ (U+092D) in font cmmi10!
Missing character: There is no स (U+0938) in font cmmi10!
Missing character: There is no स (U+0938) in font cmmi10!
Missing character: There is no ि (U+093F) in font cmmi10!
Missing character: There is no ि (U+093F) in font cmmi10!
Missing character: There is no त (U+0924) in font cmmi10!
Missing character: There is no त (U+0924) in font cmmi10!
Missing character: There is no ा (U+093E) in font cmmi10!
Missing character: There is no ा (U+093E) in font cmmi10!
Missing character: There is no ब (U+092C) in font cmmi10!
Missing character: There is no ब (U+092C) in font cmmi10!
Missing character: There is no ् (U+094D) in font cmmi10!
Missing character: There is no ् (U+094D) in font cmmi10!
Missing character: There is no र (U+0930) in font cmmi10!
Missing character: There is no र (U+0930) in font cmmi10!
Missing character: There is no ह (U+0939) in font cmmi10!
Missing character: There is no ह (U+0939) in font cmmi10!
Missing character: There is no ् (U+094D) in font cmmi10!
Missing character: There is no ् (U+094D) in font cmmi10!
Missing character: There is no म (U+092E) in font cmmi10!
Missing character: There is no म (U+092E) in font cmmi10!
Missing character: There is no े (U+0947) in font cmmi10!
Missing character: There is no े (U+0947) in font cmmi10!
Missing character: There is no श (U+0936) in font cmmi10!
Missing character: There is no श (U+0936) in font cmmi10!
Missing character: There is no श (U+0936) in font cmmi10!
Missing character: There is no श (U+0936) in font cmmi10!
Missing character: There is no क (U+0915) in font cmmi10!
Missing character: There is no क (U+0915) in font cmmi10!
Missing character: There is no ् (U+094D) in font cmmi10!
Missing character: There is no ् (U+094D) in font cmmi10!
Missing character: There is no र (U+0930) in font cmmi10!
Missing character: There is no र (U+0930) in font cmmi10!
Missing character: There is no ो (U+094B) in font cmmi10!
Missing character: There is no ो (U+094B) in font cmmi10!
Missing character: There is no त (U+0924) in font cmmi10!
Missing character: There is no त (U+0924) in font cmmi10!
Missing character: There is no ् (U+094D) in font cmmi10!
Missing character: There is no ् (U+094D) in font cmmi10!
Missing character: There is no क (U+0915) in font cmmi10!
Missing character: There is no क (U+0915) in font cmmi10!
Missing character: There is no र (U+0930) in font cmmi10!
Missing character: There is no र (U+0930) in font cmmi10!
Missing character: There is no ा (U+093E) in font cmmi10!
Missing character: There is no ा (U+093E) in font cmmi10!
Missing character: There is no ः (U+0903) in font cmmi10!
Missing character: There is no ॥ (U+0965) in font [lmroman10-regular]:+tlig;!
Missing character: There is no ॥ (U+0965) in font [lmroman10-regular]:+tlig;!
[29]
Underfull \hbox (badness 10000) in paragraph at lines 351--353

 []


Underfull \hbox (badness 10000) in paragraph at lines 351--353

 []


Underfull \hbox (badness 10000) in paragraph at lines 355--403

 []


Underfull \hbox (badness 10000) in paragraph at lines 355--403

 []


Underfull \hbox (badness 10000) in paragraph at lines 355--403

 []


Underfull \hbox (badness 10000) in paragraph at lines 355--403

 []


Underfull \hbox (badness 10000) in paragraph at lines 355--403

 []


Underfull \hbox (badness 10000) in paragraph at lines 355--403

 []


Underfull \hbox (badness 10000) in paragraph at lines 355--403

 []


Underfull \hbox (badness 10000) in paragraph at lines 355--403

 []


Underfull \hbox (badness 10000) in paragraph at lines 355--403

 []


Underfull \hbox (badness 10000) in paragraph at lines 355--403

 []


Underfull \hbox (badness 10000) in paragraph at lines 355--403

 []


Underfull \hbox (badness 10000) in paragraph at lines 355--403

 []


Underfull \hbox (badness 10000) in paragraph at lines 355--403

 []

[30]
Underfull \hbox (badness 10000) in paragraph at lines 405--421

 []


Underfull \hbox (badness 10000) in paragraph at lines 405--421

 []

[31]
Underfull \hbox (badness 10000) in paragraph at lines 423--468

 []


Underfull \hbox (badness 10000) in paragraph at lines 423--468

 []


Overfull \hbox (0.95439pt too wide) in paragraph at lines 423--468
\TU/Siddhanta(0)/bx/n/10 अपरमतगुणगणमयशर
र हॆ वगतगुणेतर भव मम शरणम् । 
शभतमकथशय
 []


Underfull \hbox (badness 10000) in paragraph at lines 423--468

 []


Underfull \hbox (badness 10000) in paragraph at lines 423--468

 []


Underfull \hbox (badness 10000) in paragraph at lines 423--468

 []


Underfull \hbox (badness 10000) in paragraph at lines 423--468

 []


Underfull \hbox (badness 10000) in paragraph at lines 423--468

 []


Underfull \hbox (badness 10000) in paragraph at lines 423--468

 []


Underfull \hbox (badness 10000) in paragraph at lines 423--468

 []


Underfull \hbox (badness 10000) in paragraph at lines 423--468

 []


Underfull \hbox (badness 10000) in paragraph at lines 423--468

 []


Underfull \hbox (badness 10000) in paragraph at lines 423--468

 []


Underfull \hbox (badness 10000) in paragraph at lines 423--468

 []


Underfull \hbox (badness 10000) in paragraph at lines 423--468

 []


Underfull \hbox (badness 10000) in paragraph at lines 423--468

 []


Underfull \hbox (badness 10000) in paragraph at lines 423--468

 []

[32]
Underfull \hbox (badness 10000) in paragraph at lines 470--491

 []


Underfull \hbox (badness 10000) in paragraph at lines 470--491

 []


Underfull \hbox (badness 10000) in paragraph at lines 470--491

 []


Underfull \hbox (badness 10000) in paragraph at lines 470--491

 []


Underfull \hbox (badness 10000) in paragraph at lines 470--491

 []


Underfull \hbox (badness 10000) in paragraph at lines 470--491

 []


Underfull \hbox (badness 10000) in paragraph at lines 470--491

 []


Underfull \hbox (badness 10000) in paragraph at lines 470--491

 []

[33]
Underfull \hbox (badness 10000) in paragraph at lines 493--550

 []


Underfull \hbox (badness 10000) in paragraph at lines 493--550

 []


Underfull \hbox (badness 10000) in paragraph at lines 493--550

 []


Underfull \hbox (badness 10000) in paragraph at lines 493--550

 []


Underfull \hbox (badness 10000) in paragraph at lines 493--550

 []


Underfull \hbox (badness 10000) in paragraph at lines 493--550

 []


Underfull \hbox (badness 10000) in paragraph at lines 493--550

 []


Underfull \hbox (badness 10000) in paragraph at lines 493--550

 []


Underfull \hbox (badness 10000) in paragraph at lines 493--550

 []


Underfull \hbox (badness 10000) in paragraph at lines 493--550

 []


Underfull \hbox (badness 10000) in paragraph at lines 493--550

 []


Underfull \hbox (badness 10000) in paragraph at lines 493--550

 []


Underfull \hbox (badness 10000) in paragraph at lines 493--550

 []


Underfull \hbox (badness 10000) in paragraph at lines 493--550

 []


Underfull \hbox (badness 10000) in paragraph at lines 493--550

 []


Underfull \hbox (badness 10000) in paragraph at lines 493--550

 []


Underfull \hbox (badness 10000) in paragraph at lines 493--550

 []


Underfull \hbox (badness 10000) in paragraph at lines 493--550

 []


Underfull \hbox (badness 10000) in paragraph at lines 493--550

 []


Underfull \hbox (badness 10000) in paragraph at lines 493--550

 []

[34])
Underfull \hbox (badness 10000) in paragraph at lines 552--50

 []


Underfull \hbox (badness 10000) in paragraph at lines 552--50

 []


Underfull \hbox (badness 10000) in paragraph at lines 552--50

 []


Underfull \hbox (badness 10000) in paragraph at lines 552--50

 []


Underfull \hbox (badness 10000) in paragraph at lines 552--50

 []


Underfull \hbox (badness 10000) in paragraph at lines 552--50

 []


Underfull \hbox (badness 10000) in paragraph at lines 552--50

 []


Underfull \hbox (badness 10000) in paragraph at lines 552--50

 []


Overfull \hbox (23.37137pt too wide) in paragraph at lines 552--50
\TU/Siddhanta(0)/bx/n/10 सन्दरमन्दर गाे
वन्द वन्दे । अानन्दतीत्थर्पर
ानन्दवरद ॥ 02 ॥ चन्दर्कमन्दरन
न्दक
 []


Overfull \hbox (33.85622pt too wide) in paragraph at lines 552--50
\TU/Siddhanta(0)/bx/n/10 अानन्दतीत्थर्परान
न्दवरद ॥ 04 ॥ वृन्दारवृन्दसव
न्दत वन्दे । अानन्दतीत्थर्पर
ानन्दवरद
 []


Overfull \hbox (24.09868pt too wide) in paragraph at lines 552--50
\TU/Siddhanta(0)/bx/n/10 इन्दरानन्दक सन्द
र वन्दे । अानन्दतीत्थर्परानन
्दवरद ॥ 07 ॥ मन्दारस्स्यन्दतम
न्दर
 []


Overfull \hbox (27.9241pt too wide) in paragraph at lines 552--50
\TU/Siddhanta(0)/bx/n/10 भीमाेऽितपापेषु दुर
न्तवीयर्ः । कामः स एवाजतका
मनीषु साेमः स एवाऽत्त्पदाश
र्तेषु
 []


Overfull \hbox (59.39319pt too wide) in paragraph at lines 552--50
\TU/Siddhanta(0)/bx/n/10 ॥01॥ -15- अम्बरगङ्ङ्गाच
ुम्बतपादः पदतलवदलतगुरुत
रशकटः । कालयनागक्ष्क्ष्वेळ
िनहन्ता
 []


Overfull \hbox (55.25015pt too wide) in paragraph at lines 552--50
\TU/Siddhanta(0)/bx/n/10 सरसजनवदळवकसतनय
नः ॥01॥ कालघनालकबुर्रकायः शर
शतशकलतरपुशतिनवहः
 []


Overfull \hbox (8.03802pt too wide) in paragraph at lines 552--50
\TU/Siddhanta(0)/bx/n/10 । सन्ततमस्स्ान् पा
त मुरारः सततगसमजवखगपितिनर
तः ॥02॥ ॥ मुख्ख्यपर्ाण
 []

[35] [36] (./stotrani.aux)

LaTeX Font Warning: Some font shapes were not available, defaults substituted.

)

Here is how much of LuaTeX's memory you used:
 6666 strings out of 478329
 305230,1977958 words of node,token memory allocated
 1054 words of node memory still in use:
   3 hlist, 1 vlist, 1 rule, 3 glue, 90 kern, 1 glyph, 10 attribute, 86 glue_spe
c, 6 attribute_list, 1 write nodes
   avail lists: 2:838,3:430,4:26,5:60,6:55,7:33870,8:185,9:735,10:16,11:1784
 26656 multiletter control sequences out of 65536+600000
 59 fonts using 5072363 bytes
 72i,12n,73p,1366b,429s stack positions out of 10000i,1000n,20000p,200000b,200000s
<c:/texlive/2022/texmf-dist/fonts/opentype/public/lm/lmroman8-regular.otf><c:/te
xlive/2022/texmf-dist/fonts/opentype/public/lm/lmroman6-regular.otf><c:/texlive/
2022/texmf-dist/fonts/opentype/public/lm/lmroman7-regular.otf><c:/texlive/2022/t
exmf-dist/fonts/opentype/public/lm/lmroman10-regular.otf><c:/texlive/2022/texmf-
dist/fonts/opentype/public/lm/lmroman10-bold.otf><c:/texlive/2022/texmf-dist/fon
ts/opentype/public/lm/lmroman12-bold.otf><c:/texlive/2022/texmf-dist/fonts/opent
ype/public/lm/lmroman12-regular.otf><c:/Users/giridhar/AppData/Local/Microsoft/W
indows/Fonts/siddhanta.ttf><c:/texlive/2022/texmf-dist/fonts/type1/public/amsfon
ts/cm/cmsy10.pfb>
Output written on stotrani.pdf (38 pages, 193491 bytes).

PDF statistics: 184 PDF objects out of 1000 (max. 8388607)
 117 compressed objects within 2 object streams
 0 named destinations out of 1000 (max. 131072)
 1 words of extra memory for PDF output out of 10000 (max. 100000000)

